2024-02-08 18:23:00,996 - ERROR - Exception on /es/ [GET]
Traceback (most recent call last):
  File "/Users/ajolo/Dropbox/sysARmy/nerdearla/2023/web/osx/lib/python3.11/site-packages/flask/app.py", line 2190, in wsgi_app
    response = self.full_dispatch_request()
               ^^^^^^^^^^^^^^^^^^^^^^^^^^^^
  File "/Users/ajolo/Dropbox/sysARmy/nerdearla/2023/web/osx/lib/python3.11/site-packages/flask/app.py", line 1486, in full_dispatch_request
    rv = self.handle_user_exception(e)
         ^^^^^^^^^^^^^^^^^^^^^^^^^^^^^
  File "/Users/ajolo/Dropbox/sysARmy/nerdearla/2023/web/osx/lib/python3.11/site-packages/flask/app.py", line 1484, in full_dispatch_request
    rv = self.dispatch_request()
         ^^^^^^^^^^^^^^^^^^^^^^^
  File "/Users/ajolo/Dropbox/sysARmy/nerdearla/2023/web/osx/lib/python3.11/site-packages/flask/app.py", line 1469, in dispatch_request
    return self.ensure_sync(self.view_functions[rule.endpoint])(**view_args)
           ^^^^^^^^^^^^^^^^^^^^^^^^^^^^^^^^^^^^^^^^^^^^^^^^^^^^^^^^^^^^^^^^^
  File "/Users/ajolo/Dropbox/sysARmy/nerdearla/2024/2024.nerdear.la/app/routes.py", line 59, in index
    return render_template(
           ^^^^^^^^^^^^^^^^
  File "/Users/ajolo/Dropbox/sysARmy/nerdearla/2023/web/osx/lib/python3.11/site-packages/flask/templating.py", line 151, in render_template
    return _render(app, template, context)
           ^^^^^^^^^^^^^^^^^^^^^^^^^^^^^^^
  File "/Users/ajolo/Dropbox/sysARmy/nerdearla/2023/web/osx/lib/python3.11/site-packages/flask/templating.py", line 132, in _render
    rv = template.render(context)
         ^^^^^^^^^^^^^^^^^^^^^^^^
  File "/Users/ajolo/Dropbox/sysARmy/nerdearla/2023/web/osx/lib/python3.11/site-packages/jinja2/environment.py", line 1301, in render
    self.environment.handle_exception()
  File "/Users/ajolo/Dropbox/sysARmy/nerdearla/2023/web/osx/lib/python3.11/site-packages/jinja2/environment.py", line 936, in handle_exception
    raise rewrite_traceback_stack(source=source)
  File "/Users/ajolo/Dropbox/sysARmy/nerdearla/2024/2024.nerdear.la/app/templates/index.html", line 4, in top-level template code
    {% extends "base.html" %}
  File "/Users/ajolo/Dropbox/sysARmy/nerdearla/2024/2024.nerdear.la/app/templates/base.html", line 95, in top-level template code
    {% block content %}
  File "/Users/ajolo/Dropbox/sysARmy/nerdearla/2024/2024.nerdear.la/app/templates/index.html", line 16, in block 'content'
    <div class="bg-nerd-darkblue py-5">{% include "components/countdown.html" %}</div>
    ^^^^^^^^^^^^^^^^^^^^^^^^^
  File "/Users/ajolo/Dropbox/sysARmy/nerdearla/2024/2024.nerdear.la/app/templates/components/countdown.html", line 12, in top-level template code
    {{ _("100% gratis") }}
  File "/Users/ajolo/Dropbox/sysARmy/nerdearla/2023/web/osx/lib/python3.11/site-packages/jinja2/ext.py", line 167, in _gettext_alias
    return __context.call(__context.resolve("gettext"), *args, **kwargs)
           ^^^^^^^^^^^^^^^^^^^^^^^^^^^^^^^^^^^^^^^^^^^^^^^^^^^^^^^^^^^^^
  File "/Users/ajolo/Dropbox/sysARmy/nerdearla/2023/web/osx/lib/python3.11/site-packages/jinja2/ext.py", line 179, in gettext
    return rv % variables  # type: ignore
           ~~~^~~~~~~~~~~
  File "/Users/ajolo/Dropbox/sysARmy/nerdearla/2023/web/osx/lib/python3.11/site-packages/markupsafe/__init__.py", line 116, in __mod__
    return self.__class__(super().__mod__(arg))
                          ^^^^^^^^^^^^^^^^^^^^
  File "/Users/ajolo/Dropbox/sysARmy/nerdearla/2023/web/osx/lib/python3.11/site-packages/markupsafe/__init__.py", line 293, in __float__
    return float(self.obj)
           ^^^^^^^^^^^^^^^
TypeError: float() argument must be a string or a real number, not 'dict'
2024-02-08 18:23:01,060 - ERROR - Exception on /favicon.ico/ [GET]
Traceback (most recent call last):
  File "/Users/ajolo/Dropbox/sysARmy/nerdearla/2023/web/osx/lib/python3.11/site-packages/flask/app.py", line 2190, in wsgi_app
    response = self.full_dispatch_request()
               ^^^^^^^^^^^^^^^^^^^^^^^^^^^^
  File "/Users/ajolo/Dropbox/sysARmy/nerdearla/2023/web/osx/lib/python3.11/site-packages/flask/app.py", line 1486, in full_dispatch_request
    rv = self.handle_user_exception(e)
         ^^^^^^^^^^^^^^^^^^^^^^^^^^^^^
  File "/Users/ajolo/Dropbox/sysARmy/nerdearla/2023/web/osx/lib/python3.11/site-packages/flask/app.py", line 1484, in full_dispatch_request
    rv = self.dispatch_request()
         ^^^^^^^^^^^^^^^^^^^^^^^
  File "/Users/ajolo/Dropbox/sysARmy/nerdearla/2023/web/osx/lib/python3.11/site-packages/flask/app.py", line 1469, in dispatch_request
    return self.ensure_sync(self.view_functions[rule.endpoint])(**view_args)
           ^^^^^^^^^^^^^^^^^^^^^^^^^^^^^^^^^^^^^^^^^^^^^^^^^^^^^^^^^^^^^^^^^
  File "/Users/ajolo/Dropbox/sysARmy/nerdearla/2024/2024.nerdear.la/app/routes.py", line 59, in index
    return render_template(
           ^^^^^^^^^^^^^^^^
  File "/Users/ajolo/Dropbox/sysARmy/nerdearla/2023/web/osx/lib/python3.11/site-packages/flask/templating.py", line 151, in render_template
    return _render(app, template, context)
           ^^^^^^^^^^^^^^^^^^^^^^^^^^^^^^^
  File "/Users/ajolo/Dropbox/sysARmy/nerdearla/2023/web/osx/lib/python3.11/site-packages/flask/templating.py", line 132, in _render
    rv = template.render(context)
         ^^^^^^^^^^^^^^^^^^^^^^^^
  File "/Users/ajolo/Dropbox/sysARmy/nerdearla/2023/web/osx/lib/python3.11/site-packages/jinja2/environment.py", line 1301, in render
    self.environment.handle_exception()
  File "/Users/ajolo/Dropbox/sysARmy/nerdearla/2023/web/osx/lib/python3.11/site-packages/jinja2/environment.py", line 936, in handle_exception
    raise rewrite_traceback_stack(source=source)
  File "/Users/ajolo/Dropbox/sysARmy/nerdearla/2024/2024.nerdear.la/app/templates/index.html", line 4, in top-level template code
    {% extends "base.html" %}
  File "/Users/ajolo/Dropbox/sysARmy/nerdearla/2024/2024.nerdear.la/app/templates/base.html", line 95, in top-level template code
    {% block content %}
  File "/Users/ajolo/Dropbox/sysARmy/nerdearla/2024/2024.nerdear.la/app/templates/index.html", line 16, in block 'content'
    <div class="bg-nerd-darkblue py-5">{% include "components/countdown.html" %}</div>
    ^^^^^^^^^^^^^^^^^^^^^^^^^
  File "/Users/ajolo/Dropbox/sysARmy/nerdearla/2024/2024.nerdear.la/app/templates/components/countdown.html", line 12, in top-level template code
    {{ _("100% gratis") }}
  File "/Users/ajolo/Dropbox/sysARmy/nerdearla/2023/web/osx/lib/python3.11/site-packages/jinja2/ext.py", line 167, in _gettext_alias
    return __context.call(__context.resolve("gettext"), *args, **kwargs)
           ^^^^^^^^^^^^^^^^^^^^^^^^^^^^^^^^^^^^^^^^^^^^^^^^^^^^^^^^^^^^^
  File "/Users/ajolo/Dropbox/sysARmy/nerdearla/2023/web/osx/lib/python3.11/site-packages/jinja2/ext.py", line 179, in gettext
    return rv % variables  # type: ignore
           ~~~^~~~~~~~~~~
  File "/Users/ajolo/Dropbox/sysARmy/nerdearla/2023/web/osx/lib/python3.11/site-packages/markupsafe/__init__.py", line 116, in __mod__
    return self.__class__(super().__mod__(arg))
                          ^^^^^^^^^^^^^^^^^^^^
  File "/Users/ajolo/Dropbox/sysARmy/nerdearla/2023/web/osx/lib/python3.11/site-packages/markupsafe/__init__.py", line 293, in __float__
    return float(self.obj)
           ^^^^^^^^^^^^^^^
TypeError: float() argument must be a string or a real number, not 'dict'
2024-02-08 18:23:46,800 - ERROR - Exception on /es/ [GET]
Traceback (most recent call last):
  File "/Users/ajolo/Dropbox/sysARmy/nerdearla/2023/web/osx/lib/python3.11/site-packages/flask/app.py", line 2190, in wsgi_app
    response = self.full_dispatch_request()
               ^^^^^^^^^^^^^^^^^^^^^^^^^^^^
  File "/Users/ajolo/Dropbox/sysARmy/nerdearla/2023/web/osx/lib/python3.11/site-packages/flask/app.py", line 1486, in full_dispatch_request
    rv = self.handle_user_exception(e)
         ^^^^^^^^^^^^^^^^^^^^^^^^^^^^^
  File "/Users/ajolo/Dropbox/sysARmy/nerdearla/2023/web/osx/lib/python3.11/site-packages/flask/app.py", line 1484, in full_dispatch_request
    rv = self.dispatch_request()
         ^^^^^^^^^^^^^^^^^^^^^^^
  File "/Users/ajolo/Dropbox/sysARmy/nerdearla/2023/web/osx/lib/python3.11/site-packages/flask/app.py", line 1469, in dispatch_request
    return self.ensure_sync(self.view_functions[rule.endpoint])(**view_args)
           ^^^^^^^^^^^^^^^^^^^^^^^^^^^^^^^^^^^^^^^^^^^^^^^^^^^^^^^^^^^^^^^^^
  File "/Users/ajolo/Dropbox/sysARmy/nerdearla/2024/2024.nerdear.la/app/routes.py", line 59, in index
    return render_template(
           ^^^^^^^^^^^^^^^^
  File "/Users/ajolo/Dropbox/sysARmy/nerdearla/2023/web/osx/lib/python3.11/site-packages/flask/templating.py", line 151, in render_template
    return _render(app, template, context)
           ^^^^^^^^^^^^^^^^^^^^^^^^^^^^^^^
  File "/Users/ajolo/Dropbox/sysARmy/nerdearla/2023/web/osx/lib/python3.11/site-packages/flask/templating.py", line 132, in _render
    rv = template.render(context)
         ^^^^^^^^^^^^^^^^^^^^^^^^
  File "/Users/ajolo/Dropbox/sysARmy/nerdearla/2023/web/osx/lib/python3.11/site-packages/jinja2/environment.py", line 1301, in render
    self.environment.handle_exception()
  File "/Users/ajolo/Dropbox/sysARmy/nerdearla/2023/web/osx/lib/python3.11/site-packages/jinja2/environment.py", line 936, in handle_exception
    raise rewrite_traceback_stack(source=source)
  File "/Users/ajolo/Dropbox/sysARmy/nerdearla/2024/2024.nerdear.la/app/templates/index.html", line 4, in top-level template code
    {% extends "base.html" %}
  File "/Users/ajolo/Dropbox/sysARmy/nerdearla/2024/2024.nerdear.la/app/templates/base.html", line 95, in top-level template code
    {% block content %}
  File "/Users/ajolo/Dropbox/sysARmy/nerdearla/2024/2024.nerdear.la/app/templates/index.html", line 16, in block 'content'
    <div class="bg-nerd-darkblue py-5">{% include "components/countdown.html" %}</div>
    ^^^^^^^^^^^^^^^^^^^^^^^^^
  File "/Users/ajolo/Dropbox/sysARmy/nerdearla/2024/2024.nerdear.la/app/templates/components/countdown.html", line 12, in top-level template code
    {{ _("100\% gratis") }}
  File "/Users/ajolo/Dropbox/sysARmy/nerdearla/2023/web/osx/lib/python3.11/site-packages/jinja2/ext.py", line 167, in _gettext_alias
    return __context.call(__context.resolve("gettext"), *args, **kwargs)
           ^^^^^^^^^^^^^^^^^^^^^^^^^^^^^^^^^^^^^^^^^^^^^^^^^^^^^^^^^^^^^
  File "/Users/ajolo/Dropbox/sysARmy/nerdearla/2023/web/osx/lib/python3.11/site-packages/jinja2/ext.py", line 179, in gettext
    return rv % variables  # type: ignore
           ~~~^~~~~~~~~~~
  File "/Users/ajolo/Dropbox/sysARmy/nerdearla/2023/web/osx/lib/python3.11/site-packages/markupsafe/__init__.py", line 116, in __mod__
    return self.__class__(super().__mod__(arg))
                          ^^^^^^^^^^^^^^^^^^^^
  File "/Users/ajolo/Dropbox/sysARmy/nerdearla/2023/web/osx/lib/python3.11/site-packages/markupsafe/__init__.py", line 293, in __float__
    return float(self.obj)
           ^^^^^^^^^^^^^^^
TypeError: float() argument must be a string or a real number, not 'dict'
2024-02-08 18:23:46,844 - ERROR - Exception on /favicon.ico/ [GET]
Traceback (most recent call last):
  File "/Users/ajolo/Dropbox/sysARmy/nerdearla/2023/web/osx/lib/python3.11/site-packages/flask/app.py", line 2190, in wsgi_app
    response = self.full_dispatch_request()
               ^^^^^^^^^^^^^^^^^^^^^^^^^^^^
  File "/Users/ajolo/Dropbox/sysARmy/nerdearla/2023/web/osx/lib/python3.11/site-packages/flask/app.py", line 1486, in full_dispatch_request
    rv = self.handle_user_exception(e)
         ^^^^^^^^^^^^^^^^^^^^^^^^^^^^^
  File "/Users/ajolo/Dropbox/sysARmy/nerdearla/2023/web/osx/lib/python3.11/site-packages/flask/app.py", line 1484, in full_dispatch_request
    rv = self.dispatch_request()
         ^^^^^^^^^^^^^^^^^^^^^^^
  File "/Users/ajolo/Dropbox/sysARmy/nerdearla/2023/web/osx/lib/python3.11/site-packages/flask/app.py", line 1469, in dispatch_request
    return self.ensure_sync(self.view_functions[rule.endpoint])(**view_args)
           ^^^^^^^^^^^^^^^^^^^^^^^^^^^^^^^^^^^^^^^^^^^^^^^^^^^^^^^^^^^^^^^^^
  File "/Users/ajolo/Dropbox/sysARmy/nerdearla/2024/2024.nerdear.la/app/routes.py", line 59, in index
    return render_template(
           ^^^^^^^^^^^^^^^^
  File "/Users/ajolo/Dropbox/sysARmy/nerdearla/2023/web/osx/lib/python3.11/site-packages/flask/templating.py", line 151, in render_template
    return _render(app, template, context)
           ^^^^^^^^^^^^^^^^^^^^^^^^^^^^^^^
  File "/Users/ajolo/Dropbox/sysARmy/nerdearla/2023/web/osx/lib/python3.11/site-packages/flask/templating.py", line 132, in _render
    rv = template.render(context)
         ^^^^^^^^^^^^^^^^^^^^^^^^
  File "/Users/ajolo/Dropbox/sysARmy/nerdearla/2023/web/osx/lib/python3.11/site-packages/jinja2/environment.py", line 1301, in render
    self.environment.handle_exception()
  File "/Users/ajolo/Dropbox/sysARmy/nerdearla/2023/web/osx/lib/python3.11/site-packages/jinja2/environment.py", line 936, in handle_exception
    raise rewrite_traceback_stack(source=source)
  File "/Users/ajolo/Dropbox/sysARmy/nerdearla/2024/2024.nerdear.la/app/templates/index.html", line 4, in top-level template code
    {% extends "base.html" %}
  File "/Users/ajolo/Dropbox/sysARmy/nerdearla/2024/2024.nerdear.la/app/templates/base.html", line 95, in top-level template code
    {% block content %}
  File "/Users/ajolo/Dropbox/sysARmy/nerdearla/2024/2024.nerdear.la/app/templates/index.html", line 16, in block 'content'
    <div class="bg-nerd-darkblue py-5">{% include "components/countdown.html" %}</div>
    ^^^^^^^^^^^^^^^^^^^^^^^^^
  File "/Users/ajolo/Dropbox/sysARmy/nerdearla/2024/2024.nerdear.la/app/templates/components/countdown.html", line 12, in top-level template code
    {{ _("100\% gratis") }}
  File "/Users/ajolo/Dropbox/sysARmy/nerdearla/2023/web/osx/lib/python3.11/site-packages/jinja2/ext.py", line 167, in _gettext_alias
    return __context.call(__context.resolve("gettext"), *args, **kwargs)
           ^^^^^^^^^^^^^^^^^^^^^^^^^^^^^^^^^^^^^^^^^^^^^^^^^^^^^^^^^^^^^
  File "/Users/ajolo/Dropbox/sysARmy/nerdearla/2023/web/osx/lib/python3.11/site-packages/jinja2/ext.py", line 179, in gettext
    return rv % variables  # type: ignore
           ~~~^~~~~~~~~~~
  File "/Users/ajolo/Dropbox/sysARmy/nerdearla/2023/web/osx/lib/python3.11/site-packages/markupsafe/__init__.py", line 116, in __mod__
    return self.__class__(super().__mod__(arg))
                          ^^^^^^^^^^^^^^^^^^^^
  File "/Users/ajolo/Dropbox/sysARmy/nerdearla/2023/web/osx/lib/python3.11/site-packages/markupsafe/__init__.py", line 293, in __float__
    return float(self.obj)
           ^^^^^^^^^^^^^^^
TypeError: float() argument must be a string or a real number, not 'dict'
2024-02-08 18:23:52,277 - ERROR - Exception on /es/ [GET]
Traceback (most recent call last):
  File "/Users/ajolo/Dropbox/sysARmy/nerdearla/2023/web/osx/lib/python3.11/site-packages/flask/app.py", line 2190, in wsgi_app
    response = self.full_dispatch_request()
               ^^^^^^^^^^^^^^^^^^^^^^^^^^^^
  File "/Users/ajolo/Dropbox/sysARmy/nerdearla/2023/web/osx/lib/python3.11/site-packages/flask/app.py", line 1486, in full_dispatch_request
    rv = self.handle_user_exception(e)
         ^^^^^^^^^^^^^^^^^^^^^^^^^^^^^
  File "/Users/ajolo/Dropbox/sysARmy/nerdearla/2023/web/osx/lib/python3.11/site-packages/flask/app.py", line 1484, in full_dispatch_request
    rv = self.dispatch_request()
         ^^^^^^^^^^^^^^^^^^^^^^^
  File "/Users/ajolo/Dropbox/sysARmy/nerdearla/2023/web/osx/lib/python3.11/site-packages/flask/app.py", line 1469, in dispatch_request
    return self.ensure_sync(self.view_functions[rule.endpoint])(**view_args)
           ^^^^^^^^^^^^^^^^^^^^^^^^^^^^^^^^^^^^^^^^^^^^^^^^^^^^^^^^^^^^^^^^^
  File "/Users/ajolo/Dropbox/sysARmy/nerdearla/2024/2024.nerdear.la/app/routes.py", line 59, in index
    return render_template(
           ^^^^^^^^^^^^^^^^
  File "/Users/ajolo/Dropbox/sysARmy/nerdearla/2023/web/osx/lib/python3.11/site-packages/flask/templating.py", line 151, in render_template
    return _render(app, template, context)
           ^^^^^^^^^^^^^^^^^^^^^^^^^^^^^^^
  File "/Users/ajolo/Dropbox/sysARmy/nerdearla/2023/web/osx/lib/python3.11/site-packages/flask/templating.py", line 132, in _render
    rv = template.render(context)
         ^^^^^^^^^^^^^^^^^^^^^^^^
  File "/Users/ajolo/Dropbox/sysARmy/nerdearla/2023/web/osx/lib/python3.11/site-packages/jinja2/environment.py", line 1301, in render
    self.environment.handle_exception()
  File "/Users/ajolo/Dropbox/sysARmy/nerdearla/2023/web/osx/lib/python3.11/site-packages/jinja2/environment.py", line 936, in handle_exception
    raise rewrite_traceback_stack(source=source)
  File "/Users/ajolo/Dropbox/sysARmy/nerdearla/2024/2024.nerdear.la/app/templates/index.html", line 4, in top-level template code
    {% extends "base.html" %}
  File "/Users/ajolo/Dropbox/sysARmy/nerdearla/2024/2024.nerdear.la/app/templates/base.html", line 95, in top-level template code
    {% block content %}
  File "/Users/ajolo/Dropbox/sysARmy/nerdearla/2024/2024.nerdear.la/app/templates/index.html", line 16, in block 'content'
    <div class="bg-nerd-darkblue py-5">{% include "components/countdown.html" %}</div>
    ^^^^^^^^^^^^^^^^^^^^^^^^^
  File "/Users/ajolo/Dropbox/sysARmy/nerdearla/2024/2024.nerdear.la/app/templates/components/countdown.html", line 12, in top-level template code
    {{ _("100 gratis") }}
  File "/Users/ajolo/Dropbox/sysARmy/nerdearla/2023/web/osx/lib/python3.11/site-packages/jinja2/ext.py", line 167, in _gettext_alias
    return __context.call(__context.resolve("gettext"), *args, **kwargs)
           ^^^^^^^^^^^^^^^^^^^^^^^^^^^^^^^^^^^^^^^^^^^^^^^^^^^^^^^^^^^^^
  File "/Users/ajolo/Dropbox/sysARmy/nerdearla/2023/web/osx/lib/python3.11/site-packages/jinja2/ext.py", line 179, in gettext
    return rv % variables  # type: ignore
           ~~~^~~~~~~~~~~
  File "/Users/ajolo/Dropbox/sysARmy/nerdearla/2023/web/osx/lib/python3.11/site-packages/markupsafe/__init__.py", line 116, in __mod__
    return self.__class__(super().__mod__(arg))
                          ^^^^^^^^^^^^^^^^^^^^
  File "/Users/ajolo/Dropbox/sysARmy/nerdearla/2023/web/osx/lib/python3.11/site-packages/markupsafe/__init__.py", line 293, in __float__
    return float(self.obj)
           ^^^^^^^^^^^^^^^
TypeError: float() argument must be a string or a real number, not 'dict'
2024-02-08 18:23:52,322 - ERROR - Exception on /favicon.ico/ [GET]
Traceback (most recent call last):
  File "/Users/ajolo/Dropbox/sysARmy/nerdearla/2023/web/osx/lib/python3.11/site-packages/flask/app.py", line 2190, in wsgi_app
    response = self.full_dispatch_request()
               ^^^^^^^^^^^^^^^^^^^^^^^^^^^^
  File "/Users/ajolo/Dropbox/sysARmy/nerdearla/2023/web/osx/lib/python3.11/site-packages/flask/app.py", line 1486, in full_dispatch_request
    rv = self.handle_user_exception(e)
         ^^^^^^^^^^^^^^^^^^^^^^^^^^^^^
  File "/Users/ajolo/Dropbox/sysARmy/nerdearla/2023/web/osx/lib/python3.11/site-packages/flask/app.py", line 1484, in full_dispatch_request
    rv = self.dispatch_request()
         ^^^^^^^^^^^^^^^^^^^^^^^
  File "/Users/ajolo/Dropbox/sysARmy/nerdearla/2023/web/osx/lib/python3.11/site-packages/flask/app.py", line 1469, in dispatch_request
    return self.ensure_sync(self.view_functions[rule.endpoint])(**view_args)
           ^^^^^^^^^^^^^^^^^^^^^^^^^^^^^^^^^^^^^^^^^^^^^^^^^^^^^^^^^^^^^^^^^
  File "/Users/ajolo/Dropbox/sysARmy/nerdearla/2024/2024.nerdear.la/app/routes.py", line 59, in index
    return render_template(
           ^^^^^^^^^^^^^^^^
  File "/Users/ajolo/Dropbox/sysARmy/nerdearla/2023/web/osx/lib/python3.11/site-packages/flask/templating.py", line 151, in render_template
    return _render(app, template, context)
           ^^^^^^^^^^^^^^^^^^^^^^^^^^^^^^^
  File "/Users/ajolo/Dropbox/sysARmy/nerdearla/2023/web/osx/lib/python3.11/site-packages/flask/templating.py", line 132, in _render
    rv = template.render(context)
         ^^^^^^^^^^^^^^^^^^^^^^^^
  File "/Users/ajolo/Dropbox/sysARmy/nerdearla/2023/web/osx/lib/python3.11/site-packages/jinja2/environment.py", line 1301, in render
    self.environment.handle_exception()
  File "/Users/ajolo/Dropbox/sysARmy/nerdearla/2023/web/osx/lib/python3.11/site-packages/jinja2/environment.py", line 936, in handle_exception
    raise rewrite_traceback_stack(source=source)
  File "/Users/ajolo/Dropbox/sysARmy/nerdearla/2024/2024.nerdear.la/app/templates/index.html", line 4, in top-level template code
    {% extends "base.html" %}
  File "/Users/ajolo/Dropbox/sysARmy/nerdearla/2024/2024.nerdear.la/app/templates/base.html", line 95, in top-level template code
    {% block content %}
  File "/Users/ajolo/Dropbox/sysARmy/nerdearla/2024/2024.nerdear.la/app/templates/index.html", line 16, in block 'content'
    <div class="bg-nerd-darkblue py-5">{% include "components/countdown.html" %}</div>
    ^^^^^^^^^^^^^^^^^^^^^^^^^
  File "/Users/ajolo/Dropbox/sysARmy/nerdearla/2024/2024.nerdear.la/app/templates/components/countdown.html", line 12, in top-level template code
    {{ _("100 gratis") }}
  File "/Users/ajolo/Dropbox/sysARmy/nerdearla/2023/web/osx/lib/python3.11/site-packages/jinja2/ext.py", line 167, in _gettext_alias
    return __context.call(__context.resolve("gettext"), *args, **kwargs)
           ^^^^^^^^^^^^^^^^^^^^^^^^^^^^^^^^^^^^^^^^^^^^^^^^^^^^^^^^^^^^^
  File "/Users/ajolo/Dropbox/sysARmy/nerdearla/2023/web/osx/lib/python3.11/site-packages/jinja2/ext.py", line 179, in gettext
    return rv % variables  # type: ignore
           ~~~^~~~~~~~~~~
  File "/Users/ajolo/Dropbox/sysARmy/nerdearla/2023/web/osx/lib/python3.11/site-packages/markupsafe/__init__.py", line 116, in __mod__
    return self.__class__(super().__mod__(arg))
                          ^^^^^^^^^^^^^^^^^^^^
  File "/Users/ajolo/Dropbox/sysARmy/nerdearla/2023/web/osx/lib/python3.11/site-packages/markupsafe/__init__.py", line 293, in __float__
    return float(self.obj)
           ^^^^^^^^^^^^^^^
TypeError: float() argument must be a string or a real number, not 'dict'
